<?xml version="1.0" encoding="UTF-8"?>
<!-- Generated by org.testng.reporters.JUnitReportReporter -->
<testsuite skipped="0" hostname="DESKTOP-T1UAQOT" name="ecommerse.eccommers.TC001_Login" tests="1" failures="0" timestamp="01 Jun 2018 06:49:52 GMT" time="28.180" errors="0">
  <testcase name="login" time="28.180" classname="ecommerse.eccommers.TC001_Login"/>
</testsuite> <!-- ecommerse.eccommers.TC001_Login -->
